<?xml version="1.0" encoding="UTF-8"?>
<!-- Generated by org.testng.reporters.JUnitReportReporter -->
<testsuite hostname="LP-5CG7491NCP" failures="0" tests="1" name="Other.Tags" time="24.140" errors="0" timestamp="22 Jun 2022 03:49:26 GMT">
  <testcase classname="Other.Tags" name="testWeb" time="24.140"/>
</testsuite> <!-- Other.Tags -->
