<?xml version="1.0" encoding="UTF-8"?>
<!-- Generated by org.testng.reporters.JUnitReportReporter -->
<testsuite hostname="LP-5CG7491NCP" failures="0" tests="1" name="Listeners2" time="13.491" errors="0" timestamp="21 Jun 2022 04:40:41 GMT">
  <testcase classname="Listeners2" name="login" time="13.491"/>
</testsuite> <!-- Listeners2 -->
