<?xml version="1.0" encoding="UTF-8"?>
<!-- Generated by org.testng.reporters.JUnitReportReporter -->
<testsuite hostname="LP-5CG7491NCP" failures="0" tests="2" name="Crossbrowser.CB" time="20.548" errors="0" timestamp="21 Jun 2022 11:26:11 GMT">
  <testcase classname="Crossbrowser.CB" name="test1" time="10.275"/>
  <testcase classname="Crossbrowser.CB" name="test1" time="10.273"/>
</testsuite> <!-- Crossbrowser.CB -->
