<?xml version="1.0" encoding="UTF-8"?>
<!-- Generated by org.testng.reporters.JUnitReportReporter -->
<testsuite hostname="LP-5CG7491NCP" failures="0" tests="1" name="POM.Orange" time="13.590" errors="0" timestamp="21 Jun 2022 09:16:46 GMT">
  <testcase classname="POM.Orange" name="verifyLogin" time="13.590"/>
</testsuite> <!-- POM.Orange -->
