<?xml version="1.0" encoding="UTF-8"?>
<!-- Generated by org.testng.reporters.JUnitReportReporter -->
<testsuite hostname="LP-5CG7491NCP" failures="0" tests="3" name="DataDrivenTesting" time="8.876" errors="0" timestamp="21 Jun 2022 18:26:12 GMT">
  <testcase classname="DataDrivenTesting" name="verifiy" time="5.378"/>
  <testcase classname="DataDrivenTesting" name="verifiy" time="1.839"/>
  <testcase classname="DataDrivenTesting" name="verifiy" time="1.659"/>
</testsuite> <!-- DataDrivenTesting -->
