<?xml version="1.0" encoding="UTF-8"?>
<!-- Generated by org.testng.reporters.JUnitReportReporter -->
<testsuite hostname="LP-5CG7491NCP" failures="0" tests="1" name="Test.OrangeTest" time="18.656" errors="0" timestamp="21 Jun 2022 18:25:36 GMT">
  <testcase classname="Test.OrangeTest" name="checkvalidUser" time="18.656"/>
</testsuite> <!-- Test.OrangeTest -->
